Not searching for unused variables given on the command line.
[36m--[0m The C compiler identification is GNU 9.4.0
[36m--[0m The CXX compiler identification is GNU 9.4.0
[36m--[0m Check for working C compiler: /usr/bin/cc
[36m--[0m Check for working C compiler: /usr/bin/cc -- works
[36m--[0m Detecting C compiler ABI info
[36m--[0m Detecting C compiler ABI info - done
[36m--[0m Detecting C compile features
[36m--[0m Detecting C compile features - done
[36m--[0m Check for working CXX compiler: /usr/bin/c++
[36m--[0m Check for working CXX compiler: /usr/bin/c++ -- works
[36m--[0m Detecting CXX compiler ABI info
[36m--[0m Detecting CXX compiler ABI info - done
[36m--[0m Detecting CXX compile features
[36m--[0m Detecting CXX compile features - done
[36m--[0m Using CATKIN_DEVEL_PREFIX: /home/morten/UNI/P3/robot_handover/UR10/p3_ws/devel/.private/moveit_ros_planning_interface
[36m--[0m Using CMAKE_PREFIX_PATH: /home/morten/UNI/P3/robot_handover/UR10/p3_ws/devel;/opt/ros/noetic
[36m--[0m This workspace overlays: /home/morten/UNI/P3/robot_handover/UR10/p3_ws/devel;/opt/ros/noetic
[36m--[0m Found PythonInterp: /usr/bin/python3 (found suitable version "3.8.10", minimum required is "3")
[36m--[0m Using PYTHON_EXECUTABLE: /usr/bin/python3
[36m--[0m Using Debian Python package layout
[36m--[0m Found PY_em: /usr/lib/python3/dist-packages/em.py
[36m--[0m Using empy: /usr/lib/python3/dist-packages/em.py
[36m--[0m Using CATKIN_ENABLE_TESTING: ON
[36m--[0m Call enable_testing()
[36m--[0m Using CATKIN_TEST_RESULTS_DIR: /home/morten/UNI/P3/robot_handover/UR10/p3_ws/build/moveit_ros_planning_interface/test_results
[36m--[0m Forcing gtest/gmock from source, though one was otherwise available.
[36m--[0m Found gtest sources under '/usr/src/googletest': gtests will be built
[36m--[0m Found gmock sources under '/usr/src/googletest': gmock will be built
[36m--[0m Found PythonInterp: /usr/bin/python3 (found version "3.8.10")
[36m--[0m Found Threads: TRUE
[36m--[0m Using Python nosetests: /usr/bin/nosetests3
[36m--[0m catkin 0.8.10
[36m--[0m BUILD_SHARED_LIBS is on
[36m--[0m Using these message generators: gencpp;geneus;genlisp;gennodejs;genpy
moveit_ros_planning_interface: You did not request a specific build type: Choosing 'Release' for maximum performance
[36m--[0m Found PythonLibs: /usr/lib/x86_64-linux-gnu/libpython3.8.so (found suitable version "3.8.10", minimum required is "3.8")
[36m--[0m Found Boost: /usr/lib/x86_64-linux-gnu/cmake/Boost-1.71.0/BoostConfig.cmake (found version "1.71.0")
[36m--[0m Found Boost: /usr/lib/x86_64-linux-gnu/cmake/Boost-1.71.0/BoostConfig.cmake (found version "1.71.0") found components: date_time filesystem program_options python system thread
[36m--[0m eigenpy FOUND. eigenpy at /opt/ros/noetic/lib/x86_64-linux-gnu/libeigenpy.so
[36m--[0m Found Python3: /usr/bin/python3 (found version "3.8.10") found components: Interpreter NumPy Development
[36m--[0m PythonLibraryDirs: /usr/lib/x86_64-linux-gnu
[36m--[0m PythonLibVersionString: 3.8.10
[36m--[0m Python site lib: lib/python3/dist-packages
[36m--[0m Python include dirs: /usr/include/python3.8
[36m--[0m Checking for NumPy
[36m--[0m   NUMPY_INCLUDE_DIRS=/home/morten/.local/lib/python3.8/site-packages/numpy/core/include
[36m--[0m   NUMPY_VERSION=1.23.4
[36m--[0m NumPy include dir: /home/morten/.local/lib/python3.8/site-packages/numpy/core/include
[36m--[0m Found Boost: /usr/include (found version "1.71.0") found components: python38
[36m--[0m Boost_PYTHON_LIBRARY: /usr/lib/x86_64-linux-gnu/libboost_python38.so
[36m--[0m Configuring done
[36m--[0m Generating done
[36m--[0m Build files have been written to: /home/morten/UNI/P3/robot_handover/UR10/p3_ws/build/moveit_ros_planning_interface
