Performing C SOURCE FILE Test CMAKE_HAVE_LIBC_PTHREAD failed with the following output:
Change Dir: /home/morten/UNI/P3/robot_handover/UR10/p3_ws/build/moveit_ros_occupancy_map_monitor/CMakeFiles/CMakeTmp

Run Build Command(s):/usr/bin/make cmTC_15b34/fast && /usr/bin/make -f CMakeFiles/cmTC_15b34.dir/build.make CMakeFiles/cmTC_15b34.dir/build
make[1]: Entering directory '/home/morten/UNI/P3/robot_handover/UR10/p3_ws/build/moveit_ros_occupancy_map_monitor/CMakeFiles/CMakeTmp'
Building C object CMakeFiles/cmTC_15b34.dir/src.c.o
/usr/bin/cc   -DCMAKE_HAVE_LIBC_PTHREAD   -o CMakeFiles/cmTC_15b34.dir/src.c.o   -c /home/morten/UNI/P3/robot_handover/UR10/p3_ws/build/moveit_ros_occupancy_map_monitor/CMakeFiles/CMakeTmp/src.c
Linking C executable cmTC_15b34
/usr/bin/cmake -E cmake_link_script CMakeFiles/cmTC_15b34.dir/link.txt --verbose=1
/usr/bin/cc  -DCMAKE_HAVE_LIBC_PTHREAD    -rdynamic CMakeFiles/cmTC_15b34.dir/src.c.o  -o cmTC_15b34 
/usr/bin/ld: CMakeFiles/cmTC_15b34.dir/src.c.o: in function `main':
src.c:(.text+0x46): undefined reference to `pthread_create'
/usr/bin/ld: src.c:(.text+0x52): undefined reference to `pthread_detach'
/usr/bin/ld: src.c:(.text+0x63): undefined reference to `pthread_join'
collect2: error: ld returned 1 exit status
make[1]: *** [CMakeFiles/cmTC_15b34.dir/build.make:87: cmTC_15b34] Error 1
make[1]: Leaving directory '/home/morten/UNI/P3/robot_handover/UR10/p3_ws/build/moveit_ros_occupancy_map_monitor/CMakeFiles/CMakeTmp'
make: *** [Makefile:121: cmTC_15b34/fast] Error 2


Source file was:
#include <pthread.h>

void* test_func(void* data)
{
  return data;
}

int main(void)
{
  pthread_t thread;
  pthread_create(&thread, NULL, test_func, NULL);
  pthread_detach(thread);
  pthread_join(thread, NULL);
  pthread_atfork(NULL, NULL, NULL);
  pthread_exit(NULL);

  return 0;
}

Determining if the function pthread_create exists in the pthreads failed with the following output:
Change Dir: /home/morten/UNI/P3/robot_handover/UR10/p3_ws/build/moveit_ros_occupancy_map_monitor/CMakeFiles/CMakeTmp

Run Build Command(s):/usr/bin/make cmTC_2c47b/fast && /usr/bin/make -f CMakeFiles/cmTC_2c47b.dir/build.make CMakeFiles/cmTC_2c47b.dir/build
make[1]: Entering directory '/home/morten/UNI/P3/robot_handover/UR10/p3_ws/build/moveit_ros_occupancy_map_monitor/CMakeFiles/CMakeTmp'
Building C object CMakeFiles/cmTC_2c47b.dir/CheckFunctionExists.c.o
/usr/bin/cc   -DCHECK_FUNCTION_EXISTS=pthread_create   -o CMakeFiles/cmTC_2c47b.dir/CheckFunctionExists.c.o   -c /usr/share/cmake-3.16/Modules/CheckFunctionExists.c
Linking C executable cmTC_2c47b
/usr/bin/cmake -E cmake_link_script CMakeFiles/cmTC_2c47b.dir/link.txt --verbose=1
/usr/bin/cc  -DCHECK_FUNCTION_EXISTS=pthread_create    -rdynamic CMakeFiles/cmTC_2c47b.dir/CheckFunctionExists.c.o  -o cmTC_2c47b  -lpthreads 
/usr/bin/ld: cannot find -lpthreads
collect2: error: ld returned 1 exit status
make[1]: *** [CMakeFiles/cmTC_2c47b.dir/build.make:87: cmTC_2c47b] Error 1
make[1]: Leaving directory '/home/morten/UNI/P3/robot_handover/UR10/p3_ws/build/moveit_ros_occupancy_map_monitor/CMakeFiles/CMakeTmp'
make: *** [Makefile:121: cmTC_2c47b/fast] Error 2



