[  0%] Built target dynamic_reconfigure_gencfg
[  0%] Built target dynamic_reconfigure_generate_messages_cpp
[  0%] Built target actionlib_generate_messages_nodejs
[  6%] Built target moveit_ros_planning_gencfg
[  6%] Built target actionlib_generate_messages_py
[  9%] Built target moveit_rdf_loader
[ 13%] Built target moveit_collision_plugin_loader
[ 16%] Built target moveit_constraint_sampler_manager_loader
[ 19%] Built target moveit_list_request_adapter_plugins
[ 22%] Built target moveit_planning_pipeline
[ 22%] Built target dynamic_reconfigure_generate_messages_nodejs
[ 22%] Built target tf2_msgs_generate_messages_lisp
[ 22%] Built target tf2_msgs_generate_messages_py
[ 22%] Built target dynamic_reconfigure_generate_messages_lisp
[ 22%] Built target actionlib_generate_messages_cpp
[ 22%] Built target tf2_msgs_generate_messages_cpp
[ 22%] Built target octomap_msgs_generate_messages_py
[ 22%] Built target octomap_msgs_generate_messages_lisp
[ 22%] Built target octomap_msgs_generate_messages_cpp
[ 22%] Built target octomap_msgs_generate_messages_nodejs
[ 22%] Built target object_recognition_msgs_generate_messages_nodejs
[ 22%] Built target visualization_msgs_generate_messages_nodejs
[ 22%] Built target dynamic_reconfigure_generate_messages_eus
[ 22%] Built target roscpp_generate_messages_eus
[ 22%] Built target geometry_msgs_generate_messages_nodejs
[ 22%] Built target visualization_msgs_generate_messages_lisp
[ 40%] Built target moveit_default_planning_request_adapter_plugins
[ 40%] Built target visualization_msgs_generate_messages_eus
[ 40%] Built target geometry_msgs_generate_messages_cpp
[ 40%] Built target actionlib_msgs_generate_messages_cpp
[ 40%] Built target object_recognition_msgs_generate_messages_lisp
[ 40%] Built target moveit_msgs_generate_messages_py
[ 40%] Built target octomap_msgs_generate_messages_eus
[ 40%] Built target std_msgs_generate_messages_py
[ 40%] Built target object_recognition_msgs_generate_messages_cpp
[ 40%] Built target geometry_msgs_generate_messages_eus
[ 40%] Built target std_msgs_generate_messages_nodejs
[ 40%] Built target roscpp_generate_messages_cpp
[ 40%] Built target geometry_msgs_generate_messages_py
[ 40%] Built target moveit_msgs_generate_messages_eus
[ 40%] Built target sensor_msgs_generate_messages_py
[ 40%] Built target tf2_msgs_generate_messages_eus
[ 40%] Built target roscpp_generate_messages_nodejs
[ 40%] Built target geometry_msgs_generate_messages_lisp
[ 40%] Built target visualization_msgs_generate_messages_py
[ 40%] Built target roscpp_generate_messages_lisp
[ 40%] Built target shape_msgs_generate_messages_cpp
[ 40%] Built target actionlib_generate_messages_lisp
[ 40%] Built target _catkin_empty_exported_target
[ 40%] Built target std_msgs_generate_messages_lisp
[ 40%] Built target tf2_msgs_generate_messages_nodejs
[ 40%] Built target dynamic_reconfigure_generate_messages_py
[ 40%] Built target moveit_msgs_generate_messages_lisp
[ 40%] Built target rosgraph_msgs_generate_messages_lisp
[ 40%] Built target actionlib_msgs_generate_messages_eus
[ 40%] Built target shape_msgs_generate_messages_nodejs
[ 40%] Built target std_msgs_generate_messages_cpp
[ 40%] Built target shape_msgs_generate_messages_eus
[ 40%] Built target rosgraph_msgs_generate_messages_py
[ 40%] Built target shape_msgs_generate_messages_py
[ 40%] Built target actionlib_generate_messages_eus
[ 40%] Built target trajectory_msgs_generate_messages_py
[ 40%] Built target rosgraph_msgs_generate_messages_cpp
[ 40%] Built target rosgraph_msgs_generate_messages_eus
[ 40%] Built target actionlib_msgs_generate_messages_py
[ 40%] Built target rosgraph_msgs_generate_messages_nodejs
[ 40%] Built target object_recognition_msgs_generate_messages_py
[ 40%] Built target moveit_msgs_generate_messages_cpp
[ 40%] Built target moveit_msgs_generate_messages_nodejs
[ 40%] Built target std_msgs_generate_messages_eus
[ 40%] Built target actionlib_msgs_generate_messages_nodejs
[ 40%] Built target trajectory_msgs_generate_messages_cpp
[ 40%] Built target actionlib_msgs_generate_messages_lisp
[ 40%] Built target sensor_msgs_generate_messages_cpp
[ 40%] Built target visualization_msgs_generate_messages_cpp
[ 40%] Built target sensor_msgs_generate_messages_eus
[ 40%] Built target sensor_msgs_generate_messages_lisp
[ 40%] Built target roscpp_generate_messages_py
[ 40%] Built target sensor_msgs_generate_messages_nodejs
[ 40%] Built target trajectory_msgs_generate_messages_eus
[ 40%] Built target trajectory_msgs_generate_messages_nodejs
[ 40%] Built target object_recognition_msgs_generate_messages_eus
[ 40%] Built target shape_msgs_generate_messages_lisp
[ 40%] Built target trajectory_msgs_generate_messages_lisp
[ 44%] Built target moveit_kinematics_plugin_loader
[ 47%] Built target moveit_robot_model_loader
[ 57%] Built target moveit_print_planning_model_info
[ 57%] Built target moveit_kinematics_speed_and_validity_evaluator
[ 57%] Built target moveit_evaluate_state_operations_speed
[ 63%] Built target moveit_planning_scene_monitor
[ 67%] Built target moveit_print_planning_scene_info
[ 70%] Built target moveit_display_random_state
[ 73%] Built target demo_scene
[ 77%] Built target moveit_publish_scene_from_text
[ 80%] Built target moveit_trajectory_execution_manager
[ 83%] Built target moveit_visualize_robot_collision_volume
[ 86%] Built target moveit_evaluate_collision_checking_speed
[ 90%] Built target moveit_compare_collision_checking_speed_fcl_bullet
[ 95%] Built target moveit_plan_execution
[100%] Built target moveit_cpp
