[35m[1mScanning dependencies of target ros_api_tutorial[0m
[35m[1mScanning dependencies of target motion_planning_api_tutorial[0m
[35m[1mScanning dependencies of target interactivity_utils[0m
[35m[1mScanning dependencies of target controller_manager_example[0m
[35m[1mScanning dependencies of target motion_planning_pipeline_tutorial[0m
[35m[1mScanning dependencies of target bag_publisher_maintain_time[0m
[35m[1mScanning dependencies of target pick_place_tutorial[0m
[35m[1mScanning dependencies of target detect_and_add_cylinder_collision_object_demo[0m
[35m[1mScanning dependencies of target move_group_interface_tutorial[0m
[35m[1mScanning dependencies of target planning_scene_ros_api_tutorial[0m
[35m[1mScanning dependencies of target planning_scene_tutorial[0m
[35m[1mScanning dependencies of target robot_model_and_robot_state_tutorial[0m
[  2%] [32mBuilding CXX object doc/controller_configuration/CMakeFiles/controller_manager_example.dir/src/moveit_controller_manager_example.cpp.o[0m
[  4%] [32mBuilding CXX object doc/perception_pipeline/CMakeFiles/bag_publisher_maintain_time.dir/src/bag_publisher_maintain_time.cpp.o[0m
[  6%] [32mBuilding CXX object doc/robot_model_and_robot_state/CMakeFiles/robot_model_and_robot_state_tutorial.dir/src/robot_model_and_robot_state_tutorial.cpp.o[0m
[  9%] [32mBuilding CXX object doc/planning_scene/CMakeFiles/planning_scene_tutorial.dir/src/planning_scene_tutorial.cpp.o[0m
[ 11%] [32mBuilding CXX object doc/kinematics/CMakeFiles/ros_api_tutorial.dir/src/ros_api_tutorial.cpp.o[0m
[ 13%] [32mBuilding CXX object doc/pick_place/CMakeFiles/pick_place_tutorial.dir/src/pick_place_tutorial.cpp.o[0m
[ 15%] [32mBuilding CXX object doc/planning_scene_ros_api/CMakeFiles/planning_scene_ros_api_tutorial.dir/src/planning_scene_ros_api_tutorial.cpp.o[0m
[ 18%] [32mBuilding CXX object doc/motion_planning_pipeline/CMakeFiles/motion_planning_pipeline_tutorial.dir/src/motion_planning_pipeline_tutorial.cpp.o[0m
[ 20%] [32mBuilding CXX object doc/motion_planning_api/CMakeFiles/motion_planning_api_tutorial.dir/src/motion_planning_api_tutorial.cpp.o[0m
[ 22%] [32mBuilding CXX object doc/move_group_interface/CMakeFiles/move_group_interface_tutorial.dir/src/move_group_interface_tutorial.cpp.o[0m
[ 25%] [32mBuilding CXX object doc/interactivity/CMakeFiles/interactivity_utils.dir/src/interactive_robot.cpp.o[0m
[ 27%] [32mBuilding CXX object doc/perception_pipeline/CMakeFiles/detect_and_add_cylinder_collision_object_demo.dir/src/detect_and_add_cylinder_collision_object_demo.cpp.o[0m
[ 29%] [32m[1mLinking CXX shared library /home/morten/UNI/P3/robot_handover/UR10/p3_ws/devel/.private/moveit_tutorials/lib/libcontroller_manager_example.so[0m
[ 29%] Built target controller_manager_example
[ 31%] [32mBuilding CXX object doc/interactivity/CMakeFiles/interactivity_utils.dir/src/imarker.cpp.o[0m
[ 34%] [32m[1mLinking CXX executable /home/morten/UNI/P3/robot_handover/UR10/p3_ws/devel/.private/moveit_tutorials/lib/moveit_tutorials/bag_publisher_maintain_time[0m
[ 34%] Built target bag_publisher_maintain_time
[35m[1mScanning dependencies of target state_display_tutorial[0m
[ 36%] [32mBuilding CXX object doc/state_display/CMakeFiles/state_display_tutorial.dir/src/state_display_tutorial.cpp.o[0m
[ 38%] [32m[1mLinking CXX executable /home/morten/UNI/P3/robot_handover/UR10/p3_ws/devel/.private/moveit_tutorials/lib/moveit_tutorials/robot_model_and_robot_state_tutorial[0m
[ 40%] [32m[1mLinking CXX executable /home/morten/UNI/P3/robot_handover/UR10/p3_ws/devel/.private/moveit_tutorials/lib/moveit_tutorials/planning_scene_tutorial[0m
[ 43%] [32m[1mLinking CXX executable /home/morten/UNI/P3/robot_handover/UR10/p3_ws/devel/.private/moveit_tutorials/lib/moveit_tutorials/ros_api_tutorial[0m
[ 43%] Built target robot_model_and_robot_state_tutorial
[35m[1mScanning dependencies of target subframes_tutorial[0m
[ 43%] Built target planning_scene_tutorial
[35m[1mScanning dependencies of target trajopt_example[0m
[ 45%] [32mBuilding CXX object doc/subframes/CMakeFiles/subframes_tutorial.dir/src/subframes_tutorial.cpp.o[0m
[ 47%] [32mBuilding CXX object doc/trajopt_planner/CMakeFiles/trajopt_example.dir/src/trajopt_example.cpp.o[0m
[ 47%] Built target ros_api_tutorial
[35m[1mScanning dependencies of target moveit_lerp_planner_plugin[0m
[ 50%] [32mBuilding CXX object doc/interactivity/CMakeFiles/interactivity_utils.dir/src/pose_string.cpp.o[0m
[ 52%] [32mBuilding CXX object doc/creating_moveit_plugins/lerp_motion_planner/CMakeFiles/moveit_lerp_planner_plugin.dir/src/lerp_planner_manager.cpp.o[0m
[ 54%] [32m[1mLinking CXX executable /home/morten/UNI/P3/robot_handover/UR10/p3_ws/devel/.private/moveit_tutorials/lib/moveit_tutorials/pick_place_tutorial[0m
[ 54%] Built target pick_place_tutorial
[35m[1mScanning dependencies of target lerp_example[0m
[ 56%] [32mBuilding CXX object doc/creating_moveit_plugins/lerp_motion_planner/CMakeFiles/lerp_example.dir/src/lerp_example.cpp.o[0m
[ 59%] [32m[1mLinking CXX executable /home/morten/UNI/P3/robot_handover/UR10/p3_ws/devel/.private/moveit_tutorials/lib/moveit_tutorials/move_group_interface_tutorial[0m
[35m[1mScanning dependencies of target moveit_cpp_tutorial[0m
[ 61%] [32mBuilding CXX object doc/moveit_cpp/CMakeFiles/moveit_cpp_tutorial.dir/src/moveit_cpp_tutorial.cpp.o[0m
[ 63%] [32m[1mLinking CXX executable /home/morten/UNI/P3/robot_handover/UR10/p3_ws/devel/.private/moveit_tutorials/lib/moveit_tutorials/planning_scene_ros_api_tutorial[0m
[ 63%] Built target move_group_interface_tutorial
[ 65%] [32mBuilding CXX object doc/creating_moveit_plugins/lerp_motion_planner/CMakeFiles/moveit_lerp_planner_plugin.dir/src/lerp_interface.cpp.o[0m
[ 68%] [32m[1mLinking CXX executable /home/morten/UNI/P3/robot_handover/UR10/p3_ws/devel/.private/moveit_tutorials/lib/moveit_tutorials/motion_planning_pipeline_tutorial[0m
[ 70%] [32m[1mLinking CXX shared library /home/morten/UNI/P3/robot_handover/UR10/p3_ws/devel/.private/moveit_tutorials/lib/libinteractivity_utils.so[0m
[ 72%] [32m[1mLinking CXX executable /home/morten/UNI/P3/robot_handover/UR10/p3_ws/devel/.private/moveit_tutorials/lib/moveit_tutorials/motion_planning_api_tutorial[0m
[ 72%] Built target interactivity_utils
[35m[1mScanning dependencies of target visualizing_collisions_tutorial[0m
[ 75%] [32mBuilding CXX object doc/visualizing_collisions/CMakeFiles/visualizing_collisions_tutorial.dir/src/visualizing_collisions_tutorial.cpp.o[0m
[ 75%] Built target planning_scene_ros_api_tutorial
[35m[1mScanning dependencies of target bullet_collision_checker_tutorial[0m
[ 77%] [32mBuilding CXX object doc/bullet_collision_checker/CMakeFiles/bullet_collision_checker_tutorial.dir/src/bullet_collision_checker_tutorial.cpp.o[0m
[ 77%] Built target motion_planning_pipeline_tutorial
[ 79%] [32mBuilding CXX object doc/creating_moveit_plugins/lerp_motion_planner/CMakeFiles/moveit_lerp_planner_plugin.dir/src/lerp_planning_context.cpp.o[0m
[ 79%] Built target motion_planning_api_tutorial
[ 81%] [32m[1mLinking CXX executable /home/morten/UNI/P3/robot_handover/UR10/p3_ws/devel/.private/moveit_tutorials/lib/moveit_tutorials/state_display_tutorial[0m
[ 81%] Built target state_display_tutorial
[ 84%] [32m[1mLinking CXX executable /home/morten/UNI/P3/robot_handover/UR10/p3_ws/devel/.private/moveit_tutorials/lib/moveit_tutorials/detect_and_add_cylinder_collision_object_demo[0m
[01m[K/home/morten/UNI/P3/robot_handover/UR10/p3_ws/src/moveit_tutorials/doc/moveit_cpp/src/moveit_cpp_tutorial.cpp:[m[K In function ‘[01m[Kint main(int, char**)[m[K’:
[01m[K/home/morten/UNI/P3/robot_handover/UR10/p3_ws/src/moveit_tutorials/doc/moveit_cpp/src/moveit_cpp_tutorial.cpp:95:55:[m[K [01;35m[Kwarning: [m[K‘[01m[Kplanning_interface::MotionPlanResponse::trajectory[m[K’ is deprecated: Use trajectory_ instead. [[01;35m[K-Wdeprecated-declarations[m[K]
   95 |     visual_tools.publishTrajectoryLine(plan_solution1.[01;35m[Ktrajectory[m[K, joint_model_group_ptr);
      |                                                       [01;35m[K^~~~~~~~~~[m[K
In file included from [01m[K/home/morten/UNI/P3/robot_handover/UR10/p3_ws/src/moveit/moveit_core/planning_interface/include/moveit/planning_interface/planning_interface.h:41[m[K,
                 from [01m[K/home/morten/UNI/P3/robot_handover/UR10/p3_ws/src/moveit/moveit_ros/planning/planning_pipeline/include/moveit/planning_pipeline/planning_pipeline.h:39[m[K,
                 from [01m[K/home/morten/UNI/P3/robot_handover/UR10/p3_ws/src/moveit/moveit_ros/planning/moveit_cpp/include/moveit/moveit_cpp/moveit_cpp.h:44[m[K,
                 from [01m[K/home/morten/UNI/P3/robot_handover/UR10/p3_ws/src/moveit_tutorials/doc/moveit_cpp/src/moveit_cpp_tutorial.cpp:4[m[K:
[01m[K/home/morten/UNI/P3/robot_handover/UR10/p3_ws/src/moveit/moveit_core/planning_interface/include/moveit/planning_interface/planning_response.h:54:90:[m[K [01;36m[Knote: [m[Kdeclared here
   54 |   [[deprecated("Use trajectory_ instead.")]] const robot_trajectory::RobotTrajectoryPtr& [01;36m[Ktrajectory[m[K;
      |                                                                                          [01;36m[K^~~~~~~~~~[m[K
[01m[K/home/morten/UNI/P3/robot_handover/UR10/p3_ws/src/moveit_tutorials/doc/moveit_cpp/src/moveit_cpp_tutorial.cpp:95:55:[m[K [01;35m[Kwarning: [m[K‘[01m[Kplanning_interface::MotionPlanResponse::trajectory[m[K’ is deprecated: Use trajectory_ instead. [[01;35m[K-Wdeprecated-declarations[m[K]
   95 |     visual_tools.publishTrajectoryLine(plan_solution1.[01;35m[Ktrajectory[m[K, joint_model_group_ptr);
      |                                                       [01;35m[K^~~~~~~~~~[m[K
In file included from [01m[K/home/morten/UNI/P3/robot_handover/UR10/p3_ws/src/moveit/moveit_core/planning_interface/include/moveit/planning_interface/planning_interface.h:41[m[K,
                 from [01m[K/home/morten/UNI/P3/robot_handover/UR10/p3_ws/src/moveit/moveit_ros/planning/planning_pipeline/include/moveit/planning_pipeline/planning_pipeline.h:39[m[K,
                 from [01m[K/home/morten/UNI/P3/robot_handover/UR10/p3_ws/src/moveit/moveit_ros/planning/moveit_cpp/include/moveit/moveit_cpp/moveit_cpp.h:44[m[K,
                 from [01m[K/home/morten/UNI/P3/robot_handover/UR10/p3_ws/src/moveit_tutorials/doc/moveit_cpp/src/moveit_cpp_tutorial.cpp:4[m[K:
[01m[K/home/morten/UNI/P3/robot_handover/UR10/p3_ws/src/moveit/moveit_core/planning_interface/include/moveit/planning_interface/planning_response.h:54:90:[m[K [01;36m[Knote: [m[Kdeclared here
   54 |   [[deprecated("Use trajectory_ instead.")]] const robot_trajectory::RobotTrajectoryPtr& [01;36m[Ktrajectory[m[K;
      |                                                                                          [01;36m[K^~~~~~~~~~[m[K
[01m[K/home/morten/UNI/P3/robot_handover/UR10/p3_ws/src/moveit_tutorials/doc/moveit_cpp/src/moveit_cpp_tutorial.cpp:95:55:[m[K [01;35m[Kwarning: [m[K‘[01m[Kplanning_interface::MotionPlanResponse::trajectory[m[K’ is deprecated: Use trajectory_ instead. [[01;35m[K-Wdeprecated-declarations[m[K]
   95 |     visual_tools.publishTrajectoryLine(plan_solution1.[01;35m[Ktrajectory[m[K, joint_model_group_ptr);
      |                                                       [01;35m[K^~~~~~~~~~[m[K
In file included from [01m[K/home/morten/UNI/P3/robot_handover/UR10/p3_ws/src/moveit/moveit_core/planning_interface/include/moveit/planning_interface/planning_interface.h:41[m[K,
                 from [01m[K/home/morten/UNI/P3/robot_handover/UR10/p3_ws/src/moveit/moveit_ros/planning/planning_pipeline/include/moveit/planning_pipeline/planning_pipeline.h:39[m[K,
                 from [01m[K/home/morten/UNI/P3/robot_handover/UR10/p3_ws/src/moveit/moveit_ros/planning/moveit_cpp/include/moveit/moveit_cpp/moveit_cpp.h:44[m[K,
                 from [01m[K/home/morten/UNI/P3/robot_handover/UR10/p3_ws/src/moveit_tutorials/doc/moveit_cpp/src/moveit_cpp_tutorial.cpp:4[m[K:
[01m[K/home/morten/UNI/P3/robot_handover/UR10/p3_ws/src/moveit/moveit_core/planning_interface/include/moveit/planning_interface/planning_response.h:54:90:[m[K [01;36m[Knote: [m[Kdeclared here
   54 |   [[deprecated("Use trajectory_ instead.")]] const robot_trajectory::RobotTrajectoryPtr& [01;36m[Ktrajectory[m[K;
      |                                                                                          [01;36m[K^~~~~~~~~~[m[K
[01m[K/home/morten/UNI/P3/robot_handover/UR10/p3_ws/src/moveit_tutorials/doc/moveit_cpp/src/moveit_cpp_tutorial.cpp:134:60:[m[K [01;35m[Kwarning: [m[K‘[01m[Kplanning_interface::MotionPlanResponse::start_state[m[K’ is deprecated: Use start_state_ instead. [[01;35m[K-Wdeprecated-declarations[m[K]
  134 |     moveit::core::robotStateMsgToRobotState(plan_solution2.[01;35m[Kstart_state[m[K, robot_state);
      |                                                            [01;35m[K^~~~~~~~~~~[m[K
In file included from [01m[K/home/morten/UNI/P3/robot_handover/UR10/p3_ws/src/moveit/moveit_core/planning_interface/include/moveit/planning_interface/planning_interface.h:41[m[K,
                 from [01m[K/home/morten/UNI/P3/robot_handover/UR10/p3_ws/src/moveit/moveit_ros/planning/planning_pipeline/include/moveit/planning_pipeline/planning_pipeline.h:39[m[K,
                 from [01m[K/home/morten/UNI/P3/robot_handover/UR10/p3_ws/src/moveit/moveit_ros/planning/moveit_cpp/include/moveit/moveit_cpp/moveit_cpp.h:44[m[K,
                 from [01m[K/home/morten/UNI/P3/robot_handover/UR10/p3_ws/src/moveit_tutorials/doc/moveit_cpp/src/moveit_cpp_tutorial.cpp:4[m[K:
[01m[K/home/morten/UNI/P3/robot_handover/UR10/p3_ws/src/moveit/moveit_core/planning_interface/include/moveit/planning_interface/planning_response.h:57:78:[m[K [01;36m[Knote: [m[Kdeclared here
   57 |   [[deprecated("Use start_state_ instead.")]] const moveit_msgs::RobotState& [01;36m[Kstart_state[m[K;
      |                                                                              [01;36m[K^~~~~~~~~~~[m[K
[01m[K/home/morten/UNI/P3/robot_handover/UR10/p3_ws/src/moveit_tutorials/doc/moveit_cpp/src/moveit_cpp_tutorial.cpp:134:60:[m[K [01;35m[Kwarning: [m[K‘[01m[Kplanning_interface::MotionPlanResponse::start_state[m[K’ is deprecated: Use start_state_ instead. [[01;35m[K-Wdeprecated-declarations[m[K]
  134 |     moveit::core::robotStateMsgToRobotState(plan_solution2.[01;35m[Kstart_state[m[K, robot_state);
      |                                                            [01;35m[K^~~~~~~~~~~[m[K
In file included from [01m[K/home/morten/UNI/P3/robot_handover/UR10/p3_ws/src/moveit/moveit_core/planning_interface/include/moveit/planning_interface/planning_interface.h:41[m[K,
                 from [01m[K/home/morten/UNI/P3/robot_handover/UR10/p3_ws/src/moveit/moveit_ros/planning/planning_pipeline/include/moveit/planning_pipeline/planning_pipeline.h:39[m[K,
                 from [01m[K/home/morten/UNI/P3/robot_handover/UR10/p3_ws/src/moveit/moveit_ros/planning/moveit_cpp/include/moveit/moveit_cpp/moveit_cpp.h:44[m[K,
                 from [01m[K/home/morten/UNI/P3/robot_handover/UR10/p3_ws/src/moveit_tutorials/doc/moveit_cpp/src/moveit_cpp_tutorial.cpp:4[m[K:
[01m[K/home/morten/UNI/P3/robot_handover/UR10/p3_ws/src/moveit/moveit_core/planning_interface/include/moveit/planning_interface/planning_response.h:57:78:[m[K [01;36m[Knote: [m[Kdeclared here
   57 |   [[deprecated("Use start_state_ instead.")]] const moveit_msgs::RobotState& [01;36m[Kstart_state[m[K;
      |                                                                              [01;36m[K^~~~~~~~~~~[m[K
[01m[K/home/morten/UNI/P3/robot_handover/UR10/p3_ws/src/moveit_tutorials/doc/moveit_cpp/src/moveit_cpp_tutorial.cpp:134:60:[m[K [01;35m[Kwarning: [m[K‘[01m[Kplanning_interface::MotionPlanResponse::start_state[m[K’ is deprecated: Use start_state_ instead. [[01;35m[K-Wdeprecated-declarations[m[K]
  134 |     moveit::core::robotStateMsgToRobotState(plan_solution2.[01;35m[Kstart_state[m[K, robot_state);
      |                                                            [01;35m[K^~~~~~~~~~~[m[K
In file included from [01m[K/home/morten/UNI/P3/robot_handover/UR10/p3_ws/src/moveit/moveit_core/planning_interface/include/moveit/planning_interface/planning_interface.h:41[m[K,
                 from [01m[K/home/morten/UNI/P3/robot_handover/UR10/p3_ws/src/moveit/moveit_ros/planning/planning_pipeline/include/moveit/planning_pipeline/planning_pipeline.h:39[m[K,
                 from [01m[K/home/morten/UNI/P3/robot_handover/UR10/p3_ws/src/moveit/moveit_ros/planning/moveit_cpp/include/moveit/moveit_cpp/moveit_cpp.h:44[m[K,
                 from [01m[K/home/morten/UNI/P3/robot_handover/UR10/p3_ws/src/moveit_tutorials/doc/moveit_cpp/src/moveit_cpp_tutorial.cpp:4[m[K:
[01m[K/home/morten/UNI/P3/robot_handover/UR10/p3_ws/src/moveit/moveit_core/planning_interface/include/moveit/planning_interface/planning_response.h:57:78:[m[K [01;36m[Knote: [m[Kdeclared here
   57 |   [[deprecated("Use start_state_ instead.")]] const moveit_msgs::RobotState& [01;36m[Kstart_state[m[K;
      |                                                                              [01;36m[K^~~~~~~~~~~[m[K
[01m[K/home/morten/UNI/P3/robot_handover/UR10/p3_ws/src/moveit_tutorials/doc/moveit_cpp/src/moveit_cpp_tutorial.cpp:140:55:[m[K [01;35m[Kwarning: [m[K‘[01m[Kplanning_interface::MotionPlanResponse::trajectory[m[K’ is deprecated: Use trajectory_ instead. [[01;35m[K-Wdeprecated-declarations[m[K]
  140 |     visual_tools.publishTrajectoryLine(plan_solution2.[01;35m[Ktrajectory[m[K, joint_model_group_ptr);
      |                                                       [01;35m[K^~~~~~~~~~[m[K
In file included from [01m[K/home/morten/UNI/P3/robot_handover/UR10/p3_ws/src/moveit/moveit_core/planning_interface/include/moveit/planning_interface/planning_interface.h:41[m[K,
                 from [01m[K/home/morten/UNI/P3/robot_handover/UR10/p3_ws/src/moveit/moveit_ros/planning/planning_pipeline/include/moveit/planning_pipeline/planning_pipeline.h:39[m[K,
                 from [01m[K/home/morten/UNI/P3/robot_handover/UR10/p3_ws/src/moveit/moveit_ros/planning/moveit_cpp/include/moveit/moveit_cpp/moveit_cpp.h:44[m[K,
                 from [01m[K/home/morten/UNI/P3/robot_handover/UR10/p3_ws/src/moveit_tutorials/doc/moveit_cpp/src/moveit_cpp_tutorial.cpp:4[m[K:
[01m[K/home/morten/UNI/P3/robot_handover/UR10/p3_ws/src/moveit/moveit_core/planning_interface/include/moveit/planning_interface/planning_response.h:54:90:[m[K [01;36m[Knote: [m[Kdeclared here
   54 |   [[deprecated("Use trajectory_ instead.")]] const robot_trajectory::RobotTrajectoryPtr& [01;36m[Ktrajectory[m[K;
      |                                                                                          [01;36m[K^~~~~~~~~~[m[K
[01m[K/home/morten/UNI/P3/robot_handover/UR10/p3_ws/src/moveit_tutorials/doc/moveit_cpp/src/moveit_cpp_tutorial.cpp:140:55:[m[K [01;35m[Kwarning: [m[K‘[01m[Kplanning_interface::MotionPlanResponse::trajectory[m[K’ is deprecated: Use trajectory_ instead. [[01;35m[K-Wdeprecated-declarations[m[K]
  140 |     visual_tools.publishTrajectoryLine(plan_solution2.[01;35m[Ktrajectory[m[K, joint_model_group_ptr);
      |                                                       [01;35m[K^~~~~~~~~~[m[K
In file included from [01m[K/home/morten/UNI/P3/robot_handover/UR10/p3_ws/src/moveit/moveit_core/planning_interface/include/moveit/planning_interface/planning_interface.h:41[m[K,
                 from [01m[K/home/morten/UNI/P3/robot_handover/UR10/p3_ws/src/moveit/moveit_ros/planning/planning_pipeline/include/moveit/planning_pipeline/planning_pipeline.h:39[m[K,
                 from [01m[K/home/morten/UNI/P3/robot_handover/UR10/p3_ws/src/moveit/moveit_ros/planning/moveit_cpp/include/moveit/moveit_cpp/moveit_cpp.h:44[m[K,
                 from [01m[K/home/morten/UNI/P3/robot_handover/UR10/p3_ws/src/moveit_tutorials/doc/moveit_cpp/src/moveit_cpp_tutorial.cpp:4[m[K:
[01m[K/home/morten/UNI/P3/robot_handover/UR10/p3_ws/src/moveit/moveit_core/planning_interface/include/moveit/planning_interface/planning_response.h:54:90:[m[K [01;36m[Knote: [m[Kdeclared here
   54 |   [[deprecated("Use trajectory_ instead.")]] const robot_trajectory::RobotTrajectoryPtr& [01;36m[Ktrajectory[m[K;
      |                                                                                          [01;36m[K^~~~~~~~~~[m[K
[01m[K/home/morten/UNI/P3/robot_handover/UR10/p3_ws/src/moveit_tutorials/doc/moveit_cpp/src/moveit_cpp_tutorial.cpp:140:55:[m[K [01;35m[Kwarning: [m[K‘[01m[Kplanning_interface::MotionPlanResponse::trajectory[m[K’ is deprecated: Use trajectory_ instead. [[01;35m[K-Wdeprecated-declarations[m[K]
  140 |     visual_tools.publishTrajectoryLine(plan_solution2.[01;35m[Ktrajectory[m[K, joint_model_group_ptr);
      |                                                       [01;35m[K^~~~~~~~~~[m[K
In file included from [01m[K/home/morten/UNI/P3/robot_handover/UR10/p3_ws/src/moveit/moveit_core/planning_interface/include/moveit/planning_interface/planning_interface.h:41[m[K,
                 from [01m[K/home/morten/UNI/P3/robot_handover/UR10/p3_ws/src/moveit/moveit_ros/planning/planning_pipeline/include/moveit/planning_pipeline/planning_pipeline.h:39[m[K,
                 from [01m[K/home/morten/UNI/P3/robot_handover/UR10/p3_ws/src/moveit/moveit_ros/planning/moveit_cpp/include/moveit/moveit_cpp/moveit_cpp.h:44[m[K,
                 from [01m[K/home/morten/UNI/P3/robot_handover/UR10/p3_ws/src/moveit_tutorials/doc/moveit_cpp/src/moveit_cpp_tutorial.cpp:4[m[K:
[01m[K/home/morten/UNI/P3/robot_handover/UR10/p3_ws/src/moveit/moveit_core/planning_interface/include/moveit/planning_interface/planning_response.h:54:90:[m[K [01;36m[Knote: [m[Kdeclared here
   54 |   [[deprecated("Use trajectory_ instead.")]] const robot_trajectory::RobotTrajectoryPtr& [01;36m[Ktrajectory[m[K;
      |                                                                                          [01;36m[K^~~~~~~~~~[m[K
[01m[K/home/morten/UNI/P3/robot_handover/UR10/p3_ws/src/moveit_tutorials/doc/moveit_cpp/src/moveit_cpp_tutorial.cpp:179:60:[m[K [01;35m[Kwarning: [m[K‘[01m[Kplanning_interface::MotionPlanResponse::start_state[m[K’ is deprecated: Use start_state_ instead. [[01;35m[K-Wdeprecated-declarations[m[K]
  179 |     moveit::core::robotStateMsgToRobotState(plan_solution3.[01;35m[Kstart_state[m[K, robot_state);
      |                                                            [01;35m[K^~~~~~~~~~~[m[K
In file included from [01m[K/home/morten/UNI/P3/robot_handover/UR10/p3_ws/src/moveit/moveit_core/planning_interface/include/moveit/planning_interface/planning_interface.h:41[m[K,
                 from [01m[K/home/morten/UNI/P3/robot_handover/UR10/p3_ws/src/moveit/moveit_ros/planning/planning_pipeline/include/moveit/planning_pipeline/planning_pipeline.h:39[m[K,
                 from [01m[K/home/morten/UNI/P3/robot_handover/UR10/p3_ws/src/moveit/moveit_ros/planning/moveit_cpp/include/moveit/moveit_cpp/moveit_cpp.h:44[m[K,
                 from [01m[K/home/morten/UNI/P3/robot_handover/UR10/p3_ws/src/moveit_tutorials/doc/moveit_cpp/src/moveit_cpp_tutorial.cpp:4[m[K:
[01m[K/home/morten/UNI/P3/robot_handover/UR10/p3_ws/src/moveit/moveit_core/planning_interface/include/moveit/planning_interface/planning_response.h:57:78:[m[K [01;36m[Knote: [m[Kdeclared here
   57 |   [[deprecated("Use start_state_ instead.")]] const moveit_msgs::RobotState& [01;36m[Kstart_state[m[K;
      |                                                                              [01;36m[K^~~~~~~~~~~[m[K
[01m[K/home/morten/UNI/P3/robot_handover/UR10/p3_ws/src/moveit_tutorials/doc/moveit_cpp/src/moveit_cpp_tutorial.cpp:179:60:[m[K [01;35m[Kwarning: [m[K‘[01m[Kplanning_interface::MotionPlanResponse::start_state[m[K’ is deprecated: Use start_state_ instead. [[01;35m[K-Wdeprecated-declarations[m[K]
  179 |     moveit::core::robotStateMsgToRobotState(plan_solution3.[01;35m[Kstart_state[m[K, robot_state);
      |                                                            [01;35m[K^~~~~~~~~~~[m[K
In file included from [01m[K/home/morten/UNI/P3/robot_handover/UR10/p3_ws/src/moveit/moveit_core/planning_interface/include/moveit/planning_interface/planning_interface.h:41[m[K,
                 from [01m[K/home/morten/UNI/P3/robot_handover/UR10/p3_ws/src/moveit/moveit_ros/planning/planning_pipeline/include/moveit/planning_pipeline/planning_pipeline.h:39[m[K,
                 from [01m[K/home/morten/UNI/P3/robot_handover/UR10/p3_ws/src/moveit/moveit_ros/planning/moveit_cpp/include/moveit/moveit_cpp/moveit_cpp.h:44[m[K,
                 from [01m[K/home/morten/UNI/P3/robot_handover/UR10/p3_ws/src/moveit_tutorials/doc/moveit_cpp/src/moveit_cpp_tutorial.cpp:4[m[K:
[01m[K/home/morten/UNI/P3/robot_handover/UR10/p3_ws/src/moveit/moveit_core/planning_interface/include/moveit/planning_interface/planning_response.h:57:78:[m[K [01;36m[Knote: [m[Kdeclared here
   57 |   [[deprecated("Use start_state_ instead.")]] const moveit_msgs::RobotState& [01;36m[Kstart_state[m[K;
      |                                                                              [01;36m[K^~~~~~~~~~~[m[K
[01m[K/home/morten/UNI/P3/robot_handover/UR10/p3_ws/src/moveit_tutorials/doc/moveit_cpp/src/moveit_cpp_tutorial.cpp:179:60:[m[K [01;35m[Kwarning: [m[K‘[01m[Kplanning_interface::MotionPlanResponse::start_state[m[K’ is deprecated: Use start_state_ instead. [[01;35m[K-Wdeprecated-declarations[m[K]
  179 |     moveit::core::robotStateMsgToRobotState(plan_solution3.[01;35m[Kstart_state[m[K, robot_state);
      |                                                            [01;35m[K^~~~~~~~~~~[m[K
In file included from [01m[K/home/morten/UNI/P3/robot_handover/UR10/p3_ws/src/moveit/moveit_core/planning_interface/include/moveit/planning_interface/planning_interface.h:41[m[K,
                 from [01m[K/home/morten/UNI/P3/robot_handover/UR10/p3_ws/src/moveit/moveit_ros/planning/planning_pipeline/include/moveit/planning_pipeline/planning_pipeline.h:39[m[K,
                 from [01m[K/home/morten/UNI/P3/robot_handover/UR10/p3_ws/src/moveit/moveit_ros/planning/moveit_cpp/include/moveit/moveit_cpp/moveit_cpp.h:44[m[K,
                 from [01m[K/home/morten/UNI/P3/robot_handover/UR10/p3_ws/src/moveit_tutorials/doc/moveit_cpp/src/moveit_cpp_tutorial.cpp:4[m[K:
[01m[K/home/morten/UNI/P3/robot_handover/UR10/p3_ws/src/moveit/moveit_core/planning_interface/include/moveit/planning_interface/planning_response.h:57:78:[m[K [01;36m[Knote: [m[Kdeclared here
   57 |   [[deprecated("Use start_state_ instead.")]] const moveit_msgs::RobotState& [01;36m[Kstart_state[m[K;
      |                                                                              [01;36m[K^~~~~~~~~~~[m[K
[01m[K/home/morten/UNI/P3/robot_handover/UR10/p3_ws/src/moveit_tutorials/doc/moveit_cpp/src/moveit_cpp_tutorial.cpp:185:55:[m[K [01;35m[Kwarning: [m[K‘[01m[Kplanning_interface::MotionPlanResponse::trajectory[m[K’ is deprecated: Use trajectory_ instead. [[01;35m[K-Wdeprecated-declarations[m[K]
  185 |     visual_tools.publishTrajectoryLine(plan_solution3.[01;35m[Ktrajectory[m[K, joint_model_group_ptr);
      |                                                       [01;35m[K^~~~~~~~~~[m[K
In file included from [01m[K/home/morten/UNI/P3/robot_handover/UR10/p3_ws/src/moveit/moveit_core/planning_interface/include/moveit/planning_interface/planning_interface.h:41[m[K,
                 from [01m[K/home/morten/UNI/P3/robot_handover/UR10/p3_ws/src/moveit/moveit_ros/planning/planning_pipeline/include/moveit/planning_pipeline/planning_pipeline.h:39[m[K,
                 from [01m[K/home/morten/UNI/P3/robot_handover/UR10/p3_ws/src/moveit/moveit_ros/planning/moveit_cpp/include/moveit/moveit_cpp/moveit_cpp.h:44[m[K,
                 from [01m[K/home/morten/UNI/P3/robot_handover/UR10/p3_ws/src/moveit_tutorials/doc/moveit_cpp/src/moveit_cpp_tutorial.cpp:4[m[K:
[01m[K/home/morten/UNI/P3/robot_handover/UR10/p3_ws/src/moveit/moveit_core/planning_interface/include/moveit/planning_interface/planning_response.h:54:90:[m[K [01;36m[Knote: [m[Kdeclared here
   54 |   [[deprecated("Use trajectory_ instead.")]] const robot_trajectory::RobotTrajectoryPtr& [01;36m[Ktrajectory[m[K;
      |                                                                                          [01;36m[K^~~~~~~~~~[m[K
[01m[K/home/morten/UNI/P3/robot_handover/UR10/p3_ws/src/moveit_tutorials/doc/moveit_cpp/src/moveit_cpp_tutorial.cpp:185:55:[m[K [01;35m[Kwarning: [m[K‘[01m[Kplanning_interface::MotionPlanResponse::trajectory[m[K’ is deprecated: Use trajectory_ instead. [[01;35m[K-Wdeprecated-declarations[m[K]
  185 |     visual_tools.publishTrajectoryLine(plan_solution3.[01;35m[Ktrajectory[m[K, joint_model_group_ptr);
      |                                                       [01;35m[K^~~~~~~~~~[m[K
In file included from [01m[K/home/morten/UNI/P3/robot_handover/UR10/p3_ws/src/moveit/moveit_core/planning_interface/include/moveit/planning_interface/planning_interface.h:41[m[K,
                 from [01m[K/home/morten/UNI/P3/robot_handover/UR10/p3_ws/src/moveit/moveit_ros/planning/planning_pipeline/include/moveit/planning_pipeline/planning_pipeline.h:39[m[K,
                 from [01m[K/home/morten/UNI/P3/robot_handover/UR10/p3_ws/src/moveit/moveit_ros/planning/moveit_cpp/include/moveit/moveit_cpp/moveit_cpp.h:44[m[K,
                 from [01m[K/home/morten/UNI/P3/robot_handover/UR10/p3_ws/src/moveit_tutorials/doc/moveit_cpp/src/moveit_cpp_tutorial.cpp:4[m[K:
[01m[K/home/morten/UNI/P3/robot_handover/UR10/p3_ws/src/moveit/moveit_core/planning_interface/include/moveit/planning_interface/planning_response.h:54:90:[m[K [01;36m[Knote: [m[Kdeclared here
   54 |   [[deprecated("Use trajectory_ instead.")]] const robot_trajectory::RobotTrajectoryPtr& [01;36m[Ktrajectory[m[K;
      |                                                                                          [01;36m[K^~~~~~~~~~[m[K
[01m[K/home/morten/UNI/P3/robot_handover/UR10/p3_ws/src/moveit_tutorials/doc/moveit_cpp/src/moveit_cpp_tutorial.cpp:185:55:[m[K [01;35m[Kwarning: [m[K‘[01m[Kplanning_interface::MotionPlanResponse::trajectory[m[K’ is deprecated: Use trajectory_ instead. [[01;35m[K-Wdeprecated-declarations[m[K]
  185 |     visual_tools.publishTrajectoryLine(plan_solution3.[01;35m[Ktrajectory[m[K, joint_model_group_ptr);
      |                                                       [01;35m[K^~~~~~~~~~[m[K
In file included from [01m[K/home/morten/UNI/P3/robot_handover/UR10/p3_ws/src/moveit/moveit_core/planning_interface/include/moveit/planning_interface/planning_interface.h:41[m[K,
                 from [01m[K/home/morten/UNI/P3/robot_handover/UR10/p3_ws/src/moveit/moveit_ros/planning/planning_pipeline/include/moveit/planning_pipeline/planning_pipeline.h:39[m[K,
                 from [01m[K/home/morten/UNI/P3/robot_handover/UR10/p3_ws/src/moveit/moveit_ros/planning/moveit_cpp/include/moveit/moveit_cpp/moveit_cpp.h:44[m[K,
                 from [01m[K/home/morten/UNI/P3/robot_handover/UR10/p3_ws/src/moveit_tutorials/doc/moveit_cpp/src/moveit_cpp_tutorial.cpp:4[m[K:
[01m[K/home/morten/UNI/P3/robot_handover/UR10/p3_ws/src/moveit/moveit_core/planning_interface/include/moveit/planning_interface/planning_response.h:54:90:[m[K [01;36m[Knote: [m[Kdeclared here
   54 |   [[deprecated("Use trajectory_ instead.")]] const robot_trajectory::RobotTrajectoryPtr& [01;36m[Ktrajectory[m[K;
      |                                                                                          [01;36m[K^~~~~~~~~~[m[K
[01m[K/home/morten/UNI/P3/robot_handover/UR10/p3_ws/src/moveit_tutorials/doc/moveit_cpp/src/moveit_cpp_tutorial.cpp:222:60:[m[K [01;35m[Kwarning: [m[K‘[01m[Kplanning_interface::MotionPlanResponse::start_state[m[K’ is deprecated: Use start_state_ instead. [[01;35m[K-Wdeprecated-declarations[m[K]
  222 |     moveit::core::robotStateMsgToRobotState(plan_solution4.[01;35m[Kstart_state[m[K, robot_state);
      |                                                            [01;35m[K^~~~~~~~~~~[m[K
In file included from [01m[K/home/morten/UNI/P3/robot_handover/UR10/p3_ws/src/moveit/moveit_core/planning_interface/include/moveit/planning_interface/planning_interface.h:41[m[K,
                 from [01m[K/home/morten/UNI/P3/robot_handover/UR10/p3_ws/src/moveit/moveit_ros/planning/planning_pipeline/include/moveit/planning_pipeline/planning_pipeline.h:39[m[K,
                 from [01m[K/home/morten/UNI/P3/robot_handover/UR10/p3_ws/src/moveit/moveit_ros/planning/moveit_cpp/include/moveit/moveit_cpp/moveit_cpp.h:44[m[K,
                 from [01m[K/home/morten/UNI/P3/robot_handover/UR10/p3_ws/src/moveit_tutorials/doc/moveit_cpp/src/moveit_cpp_tutorial.cpp:4[m[K:
[01m[K/home/morten/UNI/P3/robot_handover/UR10/p3_ws/src/moveit/moveit_core/planning_interface/include/moveit/planning_interface/planning_response.h:57:78:[m[K [01;36m[Knote: [m[Kdeclared here
   57 |   [[deprecated("Use start_state_ instead.")]] const moveit_msgs::RobotState& [01;36m[Kstart_state[m[K;
      |                                                                              [01;36m[K^~~~~~~~~~~[m[K
[01m[K/home/morten/UNI/P3/robot_handover/UR10/p3_ws/src/moveit_tutorials/doc/moveit_cpp/src/moveit_cpp_tutorial.cpp:222:60:[m[K [01;35m[Kwarning: [m[K‘[01m[Kplanning_interface::MotionPlanResponse::start_state[m[K’ is deprecated: Use start_state_ instead. [[01;35m[K-Wdeprecated-declarations[m[K]
  222 |     moveit::core::robotStateMsgToRobotState(plan_solution4.[01;35m[Kstart_state[m[K, robot_state);
      |                                                            [01;35m[K^~~~~~~~~~~[m[K
In file included from [01m[K/home/morten/UNI/P3/robot_handover/UR10/p3_ws/src/moveit/moveit_core/planning_interface/include/moveit/planning_interface/planning_interface.h:41[m[K,
                 from [01m[K/home/morten/UNI/P3/robot_handover/UR10/p3_ws/src/moveit/moveit_ros/planning/planning_pipeline/include/moveit/planning_pipeline/planning_pipeline.h:39[m[K,
                 from [01m[K/home/morten/UNI/P3/robot_handover/UR10/p3_ws/src/moveit/moveit_ros/planning/moveit_cpp/include/moveit/moveit_cpp/moveit_cpp.h:44[m[K,
                 from [01m[K/home/morten/UNI/P3/robot_handover/UR10/p3_ws/src/moveit_tutorials/doc/moveit_cpp/src/moveit_cpp_tutorial.cpp:4[m[K:
[01m[K/home/morten/UNI/P3/robot_handover/UR10/p3_ws/src/moveit/moveit_core/planning_interface/include/moveit/planning_interface/planning_response.h:57:78:[m[K [01;36m[Knote: [m[Kdeclared here
   57 |   [[deprecated("Use start_state_ instead.")]] const moveit_msgs::RobotState& [01;36m[Kstart_state[m[K;
      |                                                                              [01;36m[K^~~~~~~~~~~[m[K
[01m[K/home/morten/UNI/P3/robot_handover/UR10/p3_ws/src/moveit_tutorials/doc/moveit_cpp/src/moveit_cpp_tutorial.cpp:222:60:[m[K [01;35m[Kwarning: [m[K‘[01m[Kplanning_interface::MotionPlanResponse::start_state[m[K’ is deprecated: Use start_state_ instead. [[01;35m[K-Wdeprecated-declarations[m[K]
  222 |     moveit::core::robotStateMsgToRobotState(plan_solution4.[01;35m[Kstart_state[m[K, robot_state);
      |                                                            [01;35m[K^~~~~~~~~~~[m[K
In file included from [01m[K/home/morten/UNI/P3/robot_handover/UR10/p3_ws/src/moveit/moveit_core/planning_interface/include/moveit/planning_interface/planning_interface.h:41[m[K,
                 from [01m[K/home/morten/UNI/P3/robot_handover/UR10/p3_ws/src/moveit/moveit_ros/planning/planning_pipeline/include/moveit/planning_pipeline/planning_pipeline.h:39[m[K,
                 from [01m[K/home/morten/UNI/P3/robot_handover/UR10/p3_ws/src/moveit/moveit_ros/planning/moveit_cpp/include/moveit/moveit_cpp/moveit_cpp.h:44[m[K,
                 from [01m[K/home/morten/UNI/P3/robot_handover/UR10/p3_ws/src/moveit_tutorials/doc/moveit_cpp/src/moveit_cpp_tutorial.cpp:4[m[K:
[01m[K/home/morten/UNI/P3/robot_handover/UR10/p3_ws/src/moveit/moveit_core/planning_interface/include/moveit/planning_interface/planning_response.h:57:78:[m[K [01;36m[Knote: [m[Kdeclared here
   57 |   [[deprecated("Use start_state_ instead.")]] const moveit_msgs::RobotState& [01;36m[Kstart_state[m[K;
      |                                                                              [01;36m[K^~~~~~~~~~~[m[K
[01m[K/home/morten/UNI/P3/robot_handover/UR10/p3_ws/src/moveit_tutorials/doc/moveit_cpp/src/moveit_cpp_tutorial.cpp:228:55:[m[K [01;35m[Kwarning: [m[K‘[01m[Kplanning_interface::MotionPlanResponse::trajectory[m[K’ is deprecated: Use trajectory_ instead. [[01;35m[K-Wdeprecated-declarations[m[K]
  228 |     visual_tools.publishTrajectoryLine(plan_solution4.[01;35m[Ktrajectory[m[K, joint_model_group_ptr);
      |                                                       [01;35m[K^~~~~~~~~~[m[K
In file included from [01m[K/home/morten/UNI/P3/robot_handover/UR10/p3_ws/src/moveit/moveit_core/planning_interface/include/moveit/planning_interface/planning_interface.h:41[m[K,
                 from [01m[K/home/morten/UNI/P3/robot_handover/UR10/p3_ws/src/moveit/moveit_ros/planning/planning_pipeline/include/moveit/planning_pipeline/planning_pipeline.h:39[m[K,
                 from [01m[K/home/morten/UNI/P3/robot_handover/UR10/p3_ws/src/moveit/moveit_ros/planning/moveit_cpp/include/moveit/moveit_cpp/moveit_cpp.h:44[m[K,
                 from [01m[K/home/morten/UNI/P3/robot_handover/UR10/p3_ws/src/moveit_tutorials/doc/moveit_cpp/src/moveit_cpp_tutorial.cpp:4[m[K:
[01m[K/home/morten/UNI/P3/robot_handover/UR10/p3_ws/src/moveit/moveit_core/planning_interface/include/moveit/planning_interface/planning_response.h:54:90:[m[K [01;36m[Knote: [m[Kdeclared here
   54 |   [[deprecated("Use trajectory_ instead.")]] const robot_trajectory::RobotTrajectoryPtr& [01;36m[Ktrajectory[m[K;
      |                                                                                          [01;36m[K^~~~~~~~~~[m[K
[01m[K/home/morten/UNI/P3/robot_handover/UR10/p3_ws/src/moveit_tutorials/doc/moveit_cpp/src/moveit_cpp_tutorial.cpp:228:55:[m[K [01;35m[Kwarning: [m[K‘[01m[Kplanning_interface::MotionPlanResponse::trajectory[m[K’ is deprecated: Use trajectory_ instead. [[01;35m[K-Wdeprecated-declarations[m[K]
  228 |     visual_tools.publishTrajectoryLine(plan_solution4.[01;35m[Ktrajectory[m[K, joint_model_group_ptr);
      |                                                       [01;35m[K^~~~~~~~~~[m[K
In file included from [01m[K/home/morten/UNI/P3/robot_handover/UR10/p3_ws/src/moveit/moveit_core/planning_interface/include/moveit/planning_interface/planning_interface.h:41[m[K,
                 from [01m[K/home/morten/UNI/P3/robot_handover/UR10/p3_ws/src/moveit/moveit_ros/planning/planning_pipeline/include/moveit/planning_pipeline/planning_pipeline.h:39[m[K,
                 from [01m[K/home/morten/UNI/P3/robot_handover/UR10/p3_ws/src/moveit/moveit_ros/planning/moveit_cpp/include/moveit/moveit_cpp/moveit_cpp.h:44[m[K,
                 from [01m[K/home/morten/UNI/P3/robot_handover/UR10/p3_ws/src/moveit_tutorials/doc/moveit_cpp/src/moveit_cpp_tutorial.cpp:4[m[K:
[01m[K/home/morten/UNI/P3/robot_handover/UR10/p3_ws/src/moveit/moveit_core/planning_interface/include/moveit/planning_interface/planning_response.h:54:90:[m[K [01;36m[Knote: [m[Kdeclared here
   54 |   [[deprecated("Use trajectory_ instead.")]] const robot_trajectory::RobotTrajectoryPtr& [01;36m[Ktrajectory[m[K;
      |                                                                                          [01;36m[K^~~~~~~~~~[m[K
[01m[K/home/morten/UNI/P3/robot_handover/UR10/p3_ws/src/moveit_tutorials/doc/moveit_cpp/src/moveit_cpp_tutorial.cpp:228:55:[m[K [01;35m[Kwarning: [m[K‘[01m[Kplanning_interface::MotionPlanResponse::trajectory[m[K’ is deprecated: Use trajectory_ instead. [[01;35m[K-Wdeprecated-declarations[m[K]
  228 |     visual_tools.publishTrajectoryLine(plan_solution4.[01;35m[Ktrajectory[m[K, joint_model_group_ptr);
      |                                                       [01;35m[K^~~~~~~~~~[m[K
In file included from [01m[K/home/morten/UNI/P3/robot_handover/UR10/p3_ws/src/moveit/moveit_core/planning_interface/include/moveit/planning_interface/planning_interface.h:41[m[K,
                 from [01m[K/home/morten/UNI/P3/robot_handover/UR10/p3_ws/src/moveit/moveit_ros/planning/planning_pipeline/include/moveit/planning_pipeline/planning_pipeline.h:39[m[K,
                 from [01m[K/home/morten/UNI/P3/robot_handover/UR10/p3_ws/src/moveit/moveit_ros/planning/moveit_cpp/include/moveit/moveit_cpp/moveit_cpp.h:44[m[K,
                 from [01m[K/home/morten/UNI/P3/robot_handover/UR10/p3_ws/src/moveit_tutorials/doc/moveit_cpp/src/moveit_cpp_tutorial.cpp:4[m[K:
[01m[K/home/morten/UNI/P3/robot_handover/UR10/p3_ws/src/moveit/moveit_core/planning_interface/include/moveit/planning_interface/planning_response.h:54:90:[m[K [01;36m[Knote: [m[Kdeclared here
   54 |   [[deprecated("Use trajectory_ instead.")]] const robot_trajectory::RobotTrajectoryPtr& [01;36m[Ktrajectory[m[K;
      |                                                                                          [01;36m[K^~~~~~~~~~[m[K
[ 86%] [32m[1mLinking CXX executable /home/morten/UNI/P3/robot_handover/UR10/p3_ws/devel/.private/moveit_tutorials/lib/moveit_tutorials/subframes_tutorial[0m
[ 86%] Built target detect_and_add_cylinder_collision_object_demo
[ 86%] Built target subframes_tutorial
[ 88%] [32m[1mLinking CXX executable /home/morten/UNI/P3/robot_handover/UR10/p3_ws/devel/.private/moveit_tutorials/lib/moveit_tutorials/trajopt_example[0m
[ 88%] Built target trajopt_example
[ 90%] [32m[1mLinking CXX executable /home/morten/UNI/P3/robot_handover/UR10/p3_ws/devel/.private/moveit_tutorials/lib/moveit_tutorials/visualizing_collisions_tutorial[0m
[ 93%] [32m[1mLinking CXX shared library /home/morten/UNI/P3/robot_handover/UR10/p3_ws/devel/.private/moveit_tutorials/lib/libmoveit_lerp_planner_plugin.so[0m
[ 95%] [32m[1mLinking CXX executable /home/morten/UNI/P3/robot_handover/UR10/p3_ws/devel/.private/moveit_tutorials/lib/moveit_tutorials/moveit_cpp_tutorial[0m
[ 95%] Built target visualizing_collisions_tutorial
[ 95%] Built target moveit_lerp_planner_plugin
[ 97%] [32m[1mLinking CXX executable /home/morten/UNI/P3/robot_handover/UR10/p3_ws/devel/.private/moveit_tutorials/lib/moveit_tutorials/lerp_example[0m
[ 97%] Built target moveit_cpp_tutorial
[ 97%] Built target lerp_example
[100%] [32m[1mLinking CXX executable /home/morten/UNI/P3/robot_handover/UR10/p3_ws/devel/.private/moveit_tutorials/lib/moveit_tutorials/bullet_collision_checker_tutorial[0m
[100%] Built target bullet_collision_checker_tutorial
